<?xml version="1.0" encoding="UTF-8"?>
<testsuites name="jest tests" tests="29" failures="1" errors="0" time="17.346">
  <testsuite name="Listener" errors="0" failures="0" skipped="0" timestamp="2021-12-17T08:51:44" time="13.644" tests="2">
    <testcase classname="Listener has s3 notification" name="Listener has s3 notification" time="1.475">
    </testcase>
    <testcase classname="Listener s3 notification is configed correctly" name="Listener s3 notification is configed correctly" time="0.763">
    </testcase>
  </testsuite>
  <testsuite name="Notebook" errors="0" failures="0" skipped="0" timestamp="2021-12-17T08:51:44" time="13.671" tests="2">
    <testcase classname="Notebook has 1 notebook" name="Notebook has 1 notebook" time="1.48">
    </testcase>
    <testcase classname="Notebook the notebook has a lifecycle" name="Notebook the notebook has a lifecycle" time="0.715">
    </testcase>
  </testsuite>
  <testsuite name="undefined" errors="0" failures="0" skipped="0" timestamp="2021-12-17T08:51:43" time="16.064" tests="9">
    <testcase classname=" can create base stack" name=" can create base stack" time="0.071">
    </testcase>
    <testcase classname=" can create MainStack" name=" can create MainStack" time="0.582">
    </testcase>
    <testcase classname=" synthesizes the way we expect" name=" synthesizes the way we expect" time="1.654">
    </testcase>
    <testcase classname=" has 1 s3 bucket" name=" has 1 s3 bucket" time="0.479">
    </testcase>
    <testcase classname=" s3 bucket can be deleted" name=" s3 bucket can be deleted" time="0.36">
    </testcase>
    <testcase classname=" has 1 vpc" name=" has 1 vpc" time="0.389">
    </testcase>
    <testcase classname=" has 4 subnets" name=" has 4 subnets" time="0.358">
    </testcase>
    <testcase classname=" has 1 flowLog" name=" has 1 flowLog" time="0.397">
    </testcase>
    <testcase classname=" has output - bucketName" name=" has output - bucketName" time="0.423">
    </testcase>
  </testsuite>
  <testsuite name="Dashboard" errors="0" failures="1" skipped="0" timestamp="2021-12-17T08:51:43" time="16.11" tests="7">
    <testcase classname="Dashboard has 1 datasource" name="Dashboard has 1 datasource" time="1.49">
    </testcase>
    <testcase classname="Dashboard has 1 dataset" name="Dashboard has 1 dataset" time="0.726">
    </testcase>
    <testcase classname="Dashboard has 1 template" name="Dashboard has 1 template" time="0.52">
    </testcase>
    <testcase classname="Dashboard has 1 dashboard" name="Dashboard has 1 dashboard" time="0.341">
    </testcase>
    <testcase classname="Dashboard has 1 analysis" name="Dashboard has 1 analysis" time="0.371">
    </testcase>
    <testcase classname="Dashboard has template/version/" name="Dashboard has template/version/" time="0.413">
      <failure>Error: Template did not match as expected. The following mismatches were found:
	Missing key at /0 (using objectLike matcher)
	Missing key at /1 (using objectLike matcher)
	Missing key at /2 (using objectLike matcher)
	Missing key at /3 (using objectLike matcher)
	Missing key at /4 (using objectLike matcher)
	Missing key at /5 (using objectLike matcher)
	Missing key at /6 (using objectLike matcher)
	Missing key at /7 (using objectLike matcher)
	Missing key at /8 (using objectLike matcher)
	Missing key at /9 (using objectLike matcher)
	Missing key at /10 (using objectLike matcher)
	Missing key at /11 (using objectLike matcher)
	Missing key at /12 (using objectLike matcher)
	Missing key at /13 (using objectLike matcher)
	Missing key at /14 (using objectLike matcher)
	Missing key at /15 (using objectLike matcher)
	Missing key at /16 (using objectLike matcher)
	Missing key at /17 (using objectLike matcher)
	Missing key at /18 (using objectLike matcher)
	Missing key at /19 (using objectLike matcher)
	Missing key at /20 (using objectLike matcher)
	Missing key at /21 (using objectLike matcher)
	Missing key at /22 (using objectLike matcher)
	Missing key at /23 (using objectLike matcher)
	Missing key at /24 (using objectLike matcher)
	Missing key at /25 (using objectLike matcher)
	Missing key at /26 (using objectLike matcher)
	Missing key at /27 (using objectLike matcher)
	Missing key at /28 (using objectLike matcher)
	Missing key at /29 (using objectLike matcher)
	Missing key at /30 (using objectLike matcher)
	Missing key at /31 (using objectLike matcher)
	Missing key at /32 (using objectLike matcher)
	Missing key at /33 (using objectLike matcher)
	Missing key at /34 (using objectLike matcher)
	Missing key at /35 (using objectLike matcher)
	Missing key at /36 (using objectLike matcher)
	Missing key at /37 (using objectLike matcher)
	Missing key at /38 (using objectLike matcher)
	Missing key at /39 (using objectLike matcher)
	Missing key at /40 (using objectLike matcher)
	Missing key at /41 (using objectLike matcher)
	Missing key at /42 (using objectLike matcher)
	Missing key at /43 (using objectLike matcher)
	Missing key at /44 (using objectLike matcher)
	Missing key at /45 (using objectLike matcher)
	Missing key at /46 (using objectLike matcher)
	Missing key at /47 (using objectLike matcher)
	Missing key at /48 (using objectLike matcher)
    at Template.templateMatches (/Volumes/workplace/qc/src/AWS-gcr-qc-life-science/source/node_modules/@aws-cdk/assertions/lib/template.ts:101:13)
    at Object.&lt;anonymous&gt; (/Volumes/workplace/qc/src/AWS-gcr-qc-life-science/source/test/dashboard.test.ts:54:18)
    at Promise.then.completed (/Volumes/workplace/qc/src/AWS-gcr-qc-life-science/source/node_modules/jest-circus/build/utils.js:390:28)
    at new Promise (&lt;anonymous&gt;)
    at callAsyncCircusFn (/Volumes/workplace/qc/src/AWS-gcr-qc-life-science/source/node_modules/jest-circus/build/utils.js:315:10)
    at _callCircusTest (/Volumes/workplace/qc/src/AWS-gcr-qc-life-science/source/node_modules/jest-circus/build/run.js:218:40)
    at processTicksAndRejections (node:internal/process/task_queues:96:5)
    at _runTest (/Volumes/workplace/qc/src/AWS-gcr-qc-life-science/source/node_modules/jest-circus/build/run.js:155:3)
    at _runTestsForDescribeBlock (/Volumes/workplace/qc/src/AWS-gcr-qc-life-science/source/node_modules/jest-circus/build/run.js:66:9)
    at _runTestsForDescribeBlock (/Volumes/workplace/qc/src/AWS-gcr-qc-life-science/source/node_modules/jest-circus/build/run.js:60:9)</failure>
    </testcase>
    <testcase classname="Dashboard dataset is configed correctly" name="Dashboard dataset is configed correctly" time="0.821">
    </testcase>
  </testsuite>
  <testsuite name="Benchmarak" errors="0" failures="0" skipped="0" timestamp="2021-12-17T08:51:44" time="16.288" tests="9">
    <testcase classname="Benchmarak has 1 batch ComputeEnvironment" name="Benchmarak has 1 batch ComputeEnvironment" time="1.5">
    </testcase>
    <testcase classname="Benchmarak has 1 batch JobQueue" name="Benchmarak has 1 batch JobQueue" time="0.755">
    </testcase>
    <testcase classname="Benchmarak has 2 batch JobDefinitions" name="Benchmarak has 2 batch JobDefinitions" time="0.502">
    </testcase>
    <testcase classname="Benchmarak has 1 SNS" name="Benchmarak has 1 SNS" time="0.415">
    </testcase>
    <testcase classname="Benchmarak bechmark StateMachine" name="Benchmarak bechmark StateMachine" time="0.412">
    </testcase>
    <testcase classname="Benchmarak bechmark main StateMachine" name="Benchmarak bechmark main StateMachine" time="0.311">
    </testcase>
    <testcase classname="Benchmarak has 7 lambdas" name="Benchmarak has 7 lambdas" time="0.362">
    </testcase>
    <testcase classname="Benchmarak has lambdas with image package type" name="Benchmarak has lambdas with image package type" time="0.392">
    </testcase>
    <testcase classname="Benchmarak has lambdas in vpc" name="Benchmarak has lambdas in vpc" time="0.286">
    </testcase>
  </testsuite>
</testsuites>