<?xml version="1.0" encoding="UTF-8"?>
<testsuites name="jest tests" tests="28" failures="0" errors="0" time="18.228">
  <testsuite name="Notebook" errors="0" failures="0" skipped="0" timestamp="2021-12-14T04:49:03" time="14.69" tests="2">
    <testcase classname="Notebook has 1 notebook" name="Notebook has 1 notebook" time="1.277">
    </testcase>
    <testcase classname="Notebook the notebook has a lifecycle" name="Notebook the notebook has a lifecycle" time="0.683">
    </testcase>
  </testsuite>
  <testsuite name="Listener" errors="0" failures="0" skipped="0" timestamp="2021-12-14T04:49:03" time="14.749" tests="2">
    <testcase classname="Listener has s3 notification" name="Listener has s3 notification" time="1.299">
    </testcase>
    <testcase classname="Listener s3 notification is configed correctly" name="Listener s3 notification is configed correctly" time="0.663">
    </testcase>
  </testsuite>
  <testsuite name="Dashboard" errors="0" failures="0" skipped="0" timestamp="2021-12-14T04:49:03" time="16.196" tests="6">
    <testcase classname="Dashboard has 1 datasource" name="Dashboard has 1 datasource" time="1.315">
    </testcase>
    <testcase classname="Dashboard has 1 dataset" name="Dashboard has 1 dataset" time="0.673">
    </testcase>
    <testcase classname="Dashboard has 1 template" name="Dashboard has 1 template" time="0.453">
    </testcase>
    <testcase classname="Dashboard has 1 dashboard" name="Dashboard has 1 dashboard" time="0.367">
    </testcase>
    <testcase classname="Dashboard has 1 analysis" name="Dashboard has 1 analysis" time="0.303">
    </testcase>
    <testcase classname="Dashboard dataset is configed correctly" name="Dashboard dataset is configed correctly" time="0.317">
    </testcase>
  </testsuite>
  <testsuite name="undefined" errors="0" failures="0" skipped="0" timestamp="2021-12-14T04:49:03" time="16.855" tests="9">
    <testcase classname=" can create base stack" name=" can create base stack" time="0.024">
    </testcase>
    <testcase classname=" can create MainStack" name=" can create MainStack" time="0.444">
    </testcase>
    <testcase classname=" synthesizes the way we expect" name=" synthesizes the way we expect" time="0.889">
    </testcase>
    <testcase classname=" has 1 s3 bucket" name=" has 1 s3 bucket" time="0.688">
    </testcase>
    <testcase classname=" s3 bucket can be deleted" name=" s3 bucket can be deleted" time="0.434">
    </testcase>
    <testcase classname=" has 1 vpc" name=" has 1 vpc" time="0.376">
    </testcase>
    <testcase classname=" has 4 subnets" name=" has 4 subnets" time="0.631">
    </testcase>
    <testcase classname=" has 1 flowLog" name=" has 1 flowLog" time="0.293">
    </testcase>
    <testcase classname=" has output - bucketName" name=" has output - bucketName" time="0.285">
    </testcase>
  </testsuite>
  <testsuite name="Benchmarak" errors="0" failures="0" skipped="0" timestamp="2021-12-14T04:49:03" time="17.405" tests="9">
    <testcase classname="Benchmarak has 1 batch ComputeEnvironment" name="Benchmarak has 1 batch ComputeEnvironment" time="1.373">
    </testcase>
    <testcase classname="Benchmarak has 1 batch JobQueue" name="Benchmarak has 1 batch JobQueue" time="0.702">
    </testcase>
    <testcase classname="Benchmarak has 2 batch JobDefinitions" name="Benchmarak has 2 batch JobDefinitions" time="0.414">
    </testcase>
    <testcase classname="Benchmarak has 1 SNS" name="Benchmarak has 1 SNS" time="0.35">
    </testcase>
    <testcase classname="Benchmarak bechmark StateMachine" name="Benchmarak bechmark StateMachine" time="0.347">
    </testcase>
    <testcase classname="Benchmarak bechmark main StateMachine" name="Benchmarak bechmark main StateMachine" time="0.574">
    </testcase>
    <testcase classname="Benchmarak has 7 lambdas" name="Benchmarak has 7 lambdas" time="0.342">
    </testcase>
    <testcase classname="Benchmarak has lambdas with image package type" name="Benchmarak has lambdas with image package type" time="0.257">
    </testcase>
    <testcase classname="Benchmarak has lambdas in vpc" name="Benchmarak has lambdas in vpc" time="0.242">
    </testcase>
  </testsuite>
</testsuites>